<?xml version="1.0" encoding="UTF-8"?>
<testsuite xmlns:xsi="http://www.w3.org/2001/XMLSchema-instance" xsi:noNamespaceSchemaLocation="https://maven.apache.org/surefire/maven-surefire-plugin/xsd/surefire-test-report.xsd" version="3.0.2" name="com.example.covercollector.CoverCollectorApplicationTests" time="1.328" tests="1" errors="0" skipped="0" failures="0" flakes="0">
  <properties>
[...]
</properties>
  <testcase name="contextLoads" classname="com.example.covercollector.CoverCollectorApplicationTests" time="0.411">
    <system-out><![CDATA[14:04:44.386 [main] INFO org.springframework.test.context.support.AnnotationConfigContextLoaderUtils -- Could not detect default configuration classes for test class [com.example.covercollector.CoverCollectorApplicationTests]: CoverCollectorApplicationTests does not declare any static, non-private, non-final, nested classes annotated with @Configuration.
14:04:44.446 [main] INFO org.springframework.boot.test.context.SpringBootTestContextBootstrapper -- Found @SpringBootConfiguration com.example.covercollector.CoverCollectorApplication for test class com.example.covercollector.CoverCollectorApplicationTests
14:04:44.497 [main] INFO org.springframework.test.context.support.AnnotationConfigContextLoaderUtils -- Could not detect default configuration classes for test class [com.example.covercollector.CoverCollectorApplicationTests]: CoverCollectorApplicationTests does not declare any static, non-private, non-final, nested classes annotated with @Configuration.
14:04:44.498 [main] INFO org.springframework.boot.test.context.SpringBootTestContextBootstrapper -- Found @SpringBootConfiguration com.example.covercollector.CoverCollectorApplication for test class com.example.covercollector.CoverCollectorApplicationTests
14:04:44.539 [main] INFO org.springframework.boot.devtools.restart.RestartApplicationListener -- Restart disabled due to context in which it is running

  .   ____          _            __ _ _
 /\\ / ___'_ __ _ _(_)_ __  __ _ \ \ \ \
( ( )\___ | '_ | '_| | '_ \/ _` | \ \ \ \
 \\/  ___)| |_)| | | | | || (_| |  ) ) ) )
  '  |____| .__|_| |_|_| |_\__, | / / / /
 =========|_|==============|___/=/_/_/_/

 :: Spring Boot ::                (v4.1.0)

2026-06-15T14:04:44.666-04:00  INFO 26760 --- [CoverCollector] [           main] c.e.c.CoverCollectorApplicationTests     : Starting CoverCollectorApplicationTests using Java 25.0.1 with PID 26760 (started by Funkey in C:\Users\Funkey\Documents\GitHub\CoverCollector-API)
2026-06-15T14:04:44.667-04:00  INFO 26760 --- [CoverCollector] [           main] c.e.c.CoverCollectorApplicationTests     : No active profile set, falling back to 1 default profile: "default"
2026-06-15T14:04:45.056-04:00  INFO 26760 --- [CoverCollector] [           main] o.s.b.w.a.WelcomePageHandlerMapping      : Adding welcome page: class path resource [static/index.html]
2026-06-15T14:04:45.148-04:00  WARN 26760 --- [CoverCollector] [           main] ion$DefaultTemplateResolverConfiguration : Cannot find template location: classpath:/templates/ (please add some templates, check your Thymeleaf configuration, or set spring.thymeleaf.check-template-location=false)
2026-06-15T14:04:45.197-04:00  INFO 26760 --- [CoverCollector] [           main] c.e.c.CoverCollectorApplicationTests     : Started CoverCollectorApplicationTests in 0.665 seconds (process running for 1.346)
]]></system-out>
    <system-err><![CDATA[Mockito is currently self-attaching to enable the inline-mock-maker. This will no longer work in future releases of the JDK. Please add Mockito as an agent to your build as described in Mockito's documentation: https://javadoc.io/doc/org.mockito/mockito-core/latest/org.mockito/org/mockito/Mockito.html#0.3
WARNING: A Java agent has been loaded dynamically (C:\Users\Funkey\.m2\repository\net\bytebuddy\byte-buddy-agent\1.18.10\byte-buddy-agent-1.18.10.jar)
WARNING: If a serviceability tool is in use, please run with -XX:+EnableDynamicAgentLoading to hide this warning
WARNING: If a serviceability tool is not in use, please run with -Djdk.instrument.traceUsage for more information
WARNING: Dynamic loading of agents will be disallowed by default in a future release
]]></system-err>
  </testcase>
</testsuite>